<?xml version="1.0" encoding="UTF-8"?>
<!-- Generated by org.testng.reporters.JUnitReportReporter -->
<testsuite hostname="DESKTOP-42ALJV1" name="com.web.copyRunnerClass6" tests="1" failures="0" timestamp="21 Aug 2019 16:46:39 GMT" time="10.705" errors="0">
  <testcase name="feature" time="10.705" classname="com.web.copyRunnerClass6"/>
</testsuite> <!-- com.web.copyRunnerClass6 -->
